TN:
SF:app.js
FNF:0
FNH:0
DA:1,1
DA:2,1
DA:3,1
DA:4,1
DA:5,1
DA:7,1
DA:9,1
DA:10,1
DA:11,1
DA:12,1
DA:13,1
DA:15,1
DA:17,1
DA:18,1
DA:19,1
DA:20,1
DA:21,1
DA:23,1
DA:25,1
DA:27,1
DA:28,1
DA:29,1
DA:30,1
DA:31,1
DA:33,1
DA:35,1
LF:26
LH:26
BRF:0
BRH:0
end_of_record
TN:
SF:secets.js
FNF:0
FNH:0
DA:3,1
LF:1
LH:1
BRF:0
BRH:0
end_of_record
TN:
SF:db\Connection.js
FN:9,(anonymous_0)
FNF:1
FNH:1
FNDA:1,(anonymous_0)
DA:1,1
DA:2,1
DA:3,1
DA:4,1
DA:5,1
DA:10,1
DA:11,1
DA:12,1
DA:13,1
DA:14,1
DA:18,1
LF:11
LH:11
BRF:0
BRH:0
end_of_record
TN:
SF:db\connectionErr.js
FN:2,(anonymous_0)
FNF:1
FNH:0
FNDA:0,(anonymous_0)
DA:3,0
DA:5,0
DA:6,0
DA:10,0
LF:4
LH:0
BRDA:6,0,0,0
BRDA:6,0,1,0
BRF:2
BRH:0
end_of_record
TN:
SF:db\recipeControl.js
FN:4,(anonymous_0)
FN:8,(anonymous_1)
FN:10,(anonymous_2)
FN:11,(anonymous_3)
FN:25,(anonymous_4)
FN:33,(anonymous_5)
FN:35,(anonymous_6)
FN:36,(anonymous_7)
FN:50,(anonymous_8)
FN:58,(anonymous_9)
FN:60,(anonymous_10)
FN:61,(anonymous_11)
FN:64,(anonymous_12)
FNF:13
FNH:0
FNDA:0,(anonymous_0)
FNDA:0,(anonymous_1)
FNDA:0,(anonymous_2)
FNDA:0,(anonymous_3)
FNDA:0,(anonymous_4)
FNDA:0,(anonymous_5)
FNDA:0,(anonymous_6)
FNDA:0,(anonymous_7)
FNDA:0,(anonymous_8)
FNDA:0,(anonymous_9)
FNDA:0,(anonymous_10)
FNDA:0,(anonymous_11)
FNDA:0,(anonymous_12)
DA:1,0
DA:5,0
DA:9,0
DA:10,0
DA:11,0
DA:12,0
DA:13,0
DA:14,0
DA:26,0
DA:27,0
DA:34,0
DA:35,0
DA:36,0
DA:37,0
DA:38,0
DA:39,0
DA:51,0
DA:52,0
DA:59,0
DA:60,0
DA:61,0
DA:62,0
DA:63,0
DA:64,0
DA:65,0
DA:66,0
DA:73,0
LF:27
LH:0
BRDA:12,0,0,0
BRDA:12,0,1,0
BRDA:26,1,0,0
BRDA:26,1,1,0
BRDA:37,2,0,0
BRDA:37,2,1,0
BRDA:51,3,0,0
BRDA:51,3,1,0
BRDA:62,4,0,0
BRDA:62,4,1,0
BRDA:65,5,0,0
BRDA:65,5,1,0
BRF:12
BRH:0
end_of_record
TN:
SF:db\connections\loginHandler.js
FN:6,(anonymous_0)
FN:10,(anonymous_1)
FN:14,(anonymous_2)
FN:18,(anonymous_3)
FN:36,(anonymous_4)
FN:54,(anonymous_5)
FN:64,(anonymous_6)
FNF:7
FNH:7
FNDA:1,(anonymous_0)
FNDA:2,(anonymous_1)
FNDA:1,(anonymous_2)
FNDA:1,(anonymous_3)
FNDA:1,(anonymous_4)
FNDA:1,(anonymous_5)
FNDA:1,(anonymous_6)
DA:1,1
DA:4,1
DA:7,1
DA:11,2
DA:15,1
DA:19,1
DA:20,0
DA:21,1
DA:22,0
DA:23,1
DA:24,1
DA:25,1
DA:26,1
DA:27,0
DA:28,1
DA:33,1
DA:37,1
DA:38,1
DA:39,1
DA:51,1
DA:55,1
DA:56,1
DA:61,1
DA:65,1
DA:66,1
DA:71,1
DA:75,1
LF:27
LH:24
BRDA:19,0,0,0
BRDA:19,0,1,1
BRDA:21,1,0,0
BRDA:21,1,1,1
BRDA:26,2,0,0
BRDA:26,2,1,1
BRDA:71,3,0,1
BRDA:71,3,1,0
BRF:8
BRH:4
end_of_record
TN:
SF:db\connections\recipeHandler.js
FN:2,(anonymous_0)
FN:6,(anonymous_1)
FN:8,(anonymous_2)
FN:31,(anonymous_3)
FN:38,(anonymous_4)
FNF:5
FNH:1
FNDA:1,(anonymous_0)
FNDA:0,(anonymous_1)
FNDA:0,(anonymous_2)
FNDA:0,(anonymous_3)
FNDA:0,(anonymous_4)
DA:3,1
DA:7,0
DA:8,0
DA:9,0
DA:32,0
DA:39,0
DA:40,0
DA:41,0
DA:42,0
DA:43,0
DA:47,1
LF:11
LH:2
BRDA:41,0,0,0
BRDA:41,0,1,0
BRF:2
BRH:0
end_of_record
TN:
SF:db\connections\searchHandler.js
FN:38,(anonymous_0)
FN:42,(anonymous_1)
FN:46,(anonymous_2)
FN:50,(anonymous_3)
FN:54,(anonymous_4)
FN:58,(anonymous_5)
FN:65,(anonymous_6)
FN:69,(anonymous_7)
FNF:8
FNH:8
FNDA:1,(anonymous_0)
FNDA:6,(anonymous_1)
FNDA:6,(anonymous_2)
FNDA:4,(anonymous_3)
FNDA:4,(anonymous_4)
FNDA:2,(anonymous_5)
FNDA:4,(anonymous_6)
FNDA:16,(anonymous_7)
DA:1,1
DA:39,1
DA:43,6
DA:47,6
DA:51,4
DA:55,4
DA:59,2
DA:60,2
DA:61,2
DA:62,2
DA:66,4
DA:70,16
DA:71,16
DA:72,16
DA:73,16
DA:77,1
LF:16
LH:16
BRF:0
BRH:0
end_of_record
TN:
SF:db\connections\userHandler.js
FN:3,(anonymous_0)
FN:7,(anonymous_1)
FN:17,(anonymous_2)
FN:37,(anonymous_3)
FN:57,(anonymous_4)
FN:86,(anonymous_5)
FN:97,(anonymous_6)
FNF:7
FNH:2
FNDA:1,(anonymous_0)
FNDA:0,(anonymous_1)
FNDA:1,(anonymous_2)
FNDA:0,(anonymous_3)
FNDA:0,(anonymous_4)
FNDA:0,(anonymous_5)
FNDA:0,(anonymous_6)
DA:4,1
DA:8,0
DA:9,0
DA:10,0
DA:11,0
DA:12,0
DA:14,0
DA:18,1
DA:19,1
DA:20,1
DA:21,1
DA:22,1
DA:24,1
DA:25,0
DA:26,1
DA:34,1
DA:38,0
DA:39,0
DA:40,0
DA:41,0
DA:42,0
DA:44,0
DA:45,0
DA:46,0
DA:54,0
DA:58,0
DA:59,0
DA:60,0
DA:62,0
DA:63,0
DA:71,0
DA:74,0
DA:82,0
DA:87,0
DA:88,0
DA:89,0
DA:90,0
DA:93,0
DA:98,0
DA:99,0
DA:100,0
DA:101,0
DA:102,0
DA:103,0
DA:107,1
LF:45
LH:10
BRDA:10,0,0,0
BRDA:10,0,1,0
BRDA:20,1,0,1
BRDA:20,1,1,0
BRDA:24,2,0,0
BRDA:24,2,1,1
BRDA:40,3,0,0
BRDA:40,3,1,0
BRDA:44,4,0,0
BRDA:44,4,1,0
BRDA:59,5,0,0
BRDA:59,5,1,0
BRDA:62,6,0,0
BRDA:62,6,1,0
BRDA:88,7,0,0
BRDA:88,7,1,0
BRDA:101,8,0,0
BRDA:101,8,1,0
BRDA:103,9,0,0
BRDA:103,9,1,0
BRF:20
BRH:2
end_of_record
TN:
SF:routes\index.js
FN:5,(anonymous_0)
FNF:1
FNH:0
FNDA:0,(anonymous_0)
DA:1,1
DA:2,1
DA:5,1
DA:6,0
DA:9,1
LF:5
LH:4
BRF:0
BRH:0
end_of_record
TN:
SF:routes\login.js
FN:7,(anonymous_0)
FN:17,(anonymous_1)
FN:27,(anonymous_2)
FN:38,(anonymous_3)
FNF:4
FNH:4
FNDA:1,(anonymous_0)
FNDA:1,(anonymous_1)
FNDA:1,(anonymous_2)
FNDA:1,(anonymous_3)
DA:1,1
DA:2,1
DA:3,1
DA:4,1
DA:5,1
DA:7,1
DA:8,1
DA:9,1
DA:10,1
DA:12,0
DA:13,0
DA:17,1
DA:18,1
DA:19,1
DA:20,1
DA:22,0
DA:23,0
DA:27,1
DA:28,1
DA:29,1
DA:30,1
DA:33,0
DA:34,0
DA:38,1
DA:39,1
DA:40,1
DA:41,1
DA:42,1
DA:43,1
DA:53,0
DA:57,1
LF:31
LH:24
BRDA:12,0,0,0
BRDA:12,0,1,0
BRDA:22,1,0,0
BRDA:22,1,1,0
BRDA:33,2,0,0
BRDA:33,2,1,0
BRDA:42,3,0,1
BRDA:42,3,1,0
BRF:8
BRH:1
end_of_record
TN:
SF:routes\recipes.js
FN:5,(anonymous_0)
FN:10,(anonymous_1)
FNF:2
FNH:0
FNDA:0,(anonymous_0)
FNDA:0,(anonymous_1)
DA:1,1
DA:2,1
DA:3,1
DA:5,1
DA:6,0
DA:7,0
DA:10,1
DA:11,0
DA:12,0
DA:13,0
DA:16,0
DA:20,1
LF:12
LH:6
BRF:0
BRH:0
end_of_record
TN:
SF:routes\search.js
FN:5,(anonymous_0)
FNF:1
FNH:1
FNDA:16,(anonymous_0)
DA:1,1
DA:2,1
DA:3,1
DA:5,1
DA:6,16
DA:7,16
DA:8,16
DA:9,6
DA:11,16
DA:12,6
DA:14,16
DA:15,4
DA:17,16
DA:18,4
DA:20,16
DA:21,2
DA:23,16
DA:24,4
DA:26,16
DA:27,0
DA:29,16
DA:30,16
DA:31,16
DA:34,0
DA:39,1
LF:25
LH:23
BRDA:8,0,0,6
BRDA:8,0,1,10
BRDA:11,1,0,6
BRDA:11,1,1,10
BRDA:14,2,0,4
BRDA:14,2,1,12
BRDA:17,3,0,4
BRDA:17,3,1,12
BRDA:20,4,0,2
BRDA:20,4,1,14
BRDA:23,5,0,4
BRDA:23,5,1,12
BRDA:26,6,0,0
BRDA:26,6,1,16
BRF:14
BRH:13
end_of_record
TN:
SF:routes\users.js
FN:8,(anonymous_0)
FN:17,(anonymous_1)
FN:22,(anonymous_2)
FN:32,(anonymous_3)
FN:42,(anonymous_4)
FN:55,(anonymous_5)
FN:65,verifyJwt
FN:71,(anonymous_7)
FNF:8
FNH:4
FNDA:1,(anonymous_0)
FNDA:0,(anonymous_1)
FNDA:1,(anonymous_2)
FNDA:0,(anonymous_3)
FNDA:0,(anonymous_4)
FNDA:0,(anonymous_5)
FNDA:1,verifyJwt
FNDA:1,(anonymous_7)
DA:1,1
DA:2,1
DA:3,1
DA:4,1
DA:5,1
DA:8,1
DA:9,1
DA:17,1
DA:18,0
DA:19,0
DA:22,1
DA:23,1
DA:24,1
DA:25,1
DA:28,0
DA:32,1
DA:33,0
DA:34,0
DA:35,0
DA:38,0
DA:42,1
DA:43,0
DA:44,0
DA:45,0
DA:46,0
DA:48,0
DA:51,0
DA:55,1
DA:56,0
DA:57,0
DA:58,0
DA:61,0
DA:66,1
DA:67,1
DA:68,0
DA:70,1
DA:71,1
DA:72,1
DA:73,0
DA:74,0
DA:76,1
DA:77,1
DA:82,1
LF:43
LH:23
BRDA:45,0,0,0
BRDA:45,0,1,0
BRDA:67,1,0,0
BRDA:67,1,1,1
BRDA:72,2,0,0
BRDA:72,2,1,1
BRF:6
BRH:2
end_of_record
TN:
SF:test\login-user-endpoint.test.js
FN:16,(anonymous_0)
FN:17,(anonymous_1)
FN:24,(anonymous_2)
FN:29,(anonymous_3)
FN:35,(anonymous_4)
FN:42,(anonymous_5)
FN:49,(anonymous_6)
FN:54,(anonymous_7)
FN:58,(anonymous_8)
FN:63,(anonymous_9)
FN:70,(anonymous_10)
FN:75,(anonymous_11)
FN:79,(anonymous_12)
FNF:13
FNH:13
FNDA:1,(anonymous_0)
FNDA:1,(anonymous_1)
FNDA:1,(anonymous_2)
FNDA:1,(anonymous_3)
FNDA:1,(anonymous_4)
FNDA:1,(anonymous_5)
FNDA:1,(anonymous_6)
FNDA:1,(anonymous_7)
FNDA:1,(anonymous_8)
FNDA:1,(anonymous_9)
FNDA:1,(anonymous_10)
FNDA:1,(anonymous_11)
FNDA:1,(anonymous_12)
DA:1,1
DA:2,1
DA:3,1
DA:4,1
DA:6,1
DA:7,1
DA:8,1
DA:10,1
DA:11,1
DA:14,1
DA:16,1
DA:17,1
DA:18,1
DA:25,1
DA:29,1
DA:30,1
DA:36,1
DA:37,1
DA:38,1
DA:42,1
DA:43,1
DA:50,1
DA:54,1
DA:55,1
DA:59,1
DA:63,1
DA:64,1
DA:71,1
DA:75,1
DA:76,1
DA:80,1
LF:31
LH:31
BRF:0
BRH:0
end_of_record
TN:
SF:test\recipe-endpoint.test.js
FNF:0
FNH:0
LF:0
LH:0
BRF:0
BRH:0
end_of_record
TN:
SF:test\search-endpoint.test.js
FN:12,(anonymous_0)
FN:13,(anonymous_1)
FN:15,(anonymous_2)
FN:16,(anonymous_3)
FN:21,(anonymous_4)
FN:22,(anonymous_5)
FN:23,(anonymous_6)
FN:30,(anonymous_7)
FN:33,(anonymous_8)
FN:34,(anonymous_9)
FN:39,(anonymous_10)
FN:40,(anonymous_11)
FN:41,(anonymous_12)
FN:48,(anonymous_13)
FN:50,(anonymous_14)
FN:51,(anonymous_15)
FN:56,(anonymous_16)
FN:57,(anonymous_17)
FN:58,(anonymous_18)
FN:65,(anonymous_19)
FN:67,(anonymous_20)
FN:68,(anonymous_21)
FN:73,(anonymous_22)
FN:74,(anonymous_23)
FN:75,(anonymous_24)
FN:82,(anonymous_25)
FN:84,(anonymous_26)
FN:85,(anonymous_27)
FN:90,(anonymous_28)
FN:91,(anonymous_29)
FN:92,(anonymous_30)
FN:99,checkForIngredient
FN:110,(anonymous_32)
FN:112,(anonymous_33)
FN:113,(anonymous_34)
FN:118,(anonymous_35)
FN:119,(anonymous_36)
FN:120,(anonymous_37)
FN:127,checkForTag
FN:136,(anonymous_39)
FN:138,(anonymous_40)
FN:139,(anonymous_41)
FN:144,(anonymous_42)
FN:145,(anonymous_43)
FN:146,(anonymous_44)
FN:154,(anonymous_45)
FN:156,(anonymous_46)
FN:157,(anonymous_47)
FN:162,(anonymous_48)
FN:163,(anonymous_49)
FN:164,(anonymous_50)
FNF:51
FNH:51
FNDA:1,(anonymous_0)
FNDA:1,(anonymous_1)
FNDA:1,(anonymous_2)
FNDA:1,(anonymous_3)
FNDA:1,(anonymous_4)
FNDA:1,(anonymous_5)
FNDA:20,(anonymous_6)
FNDA:1,(anonymous_7)
FNDA:1,(anonymous_8)
FNDA:1,(anonymous_9)
FNDA:1,(anonymous_10)
FNDA:1,(anonymous_11)
FNDA:20,(anonymous_12)
FNDA:1,(anonymous_13)
FNDA:1,(anonymous_14)
FNDA:1,(anonymous_15)
FNDA:1,(anonymous_16)
FNDA:1,(anonymous_17)
FNDA:20,(anonymous_18)
FNDA:1,(anonymous_19)
FNDA:1,(anonymous_20)
FNDA:1,(anonymous_21)
FNDA:1,(anonymous_22)
FNDA:1,(anonymous_23)
FNDA:20,(anonymous_24)
FNDA:1,(anonymous_25)
FNDA:1,(anonymous_26)
FNDA:1,(anonymous_27)
FNDA:1,(anonymous_28)
FNDA:1,(anonymous_29)
FNDA:20,(anonymous_30)
FNDA:20,checkForIngredient
FNDA:1,(anonymous_32)
FNDA:1,(anonymous_33)
FNDA:1,(anonymous_34)
FNDA:1,(anonymous_35)
FNDA:1,(anonymous_36)
FNDA:20,(anonymous_37)
FNDA:40,checkForTag
FNDA:1,(anonymous_39)
FNDA:1,(anonymous_40)
FNDA:1,(anonymous_41)
FNDA:1,(anonymous_42)
FNDA:1,(anonymous_43)
FNDA:20,(anonymous_44)
FNDA:1,(anonymous_45)
FNDA:1,(anonymous_46)
FNDA:1,(anonymous_47)
FNDA:1,(anonymous_48)
FNDA:1,(anonymous_49)
FNDA:20,(anonymous_50)
DA:3,1
DA:4,1
DA:5,1
DA:6,1
DA:7,1
DA:8,1
DA:10,1
DA:12,1
DA:13,1
DA:14,1
DA:15,1
DA:16,1
DA:17,1
DA:21,1
DA:22,1
DA:23,1
DA:24,20
DA:30,1
DA:31,1
DA:33,1
DA:34,1
DA:35,1
DA:39,1
DA:40,1
DA:41,1
DA:42,20
DA:48,1
DA:49,1
DA:50,1
DA:51,1
DA:52,1
DA:56,1
DA:57,1
DA:58,1
DA:59,20
DA:65,1
DA:66,1
DA:67,1
DA:68,1
DA:69,1
DA:73,1
DA:74,1
DA:75,1
DA:76,20
DA:82,1
DA:83,1
DA:84,1
DA:85,1
DA:86,1
DA:90,1
DA:91,1
DA:92,1
DA:93,20
DA:100,20
DA:101,24
DA:102,109
DA:103,20
DA:107,0
DA:110,1
DA:111,1
DA:112,1
DA:113,1
DA:114,1
DA:118,1
DA:119,1
DA:120,1
DA:121,20
DA:128,40
DA:129,127
DA:130,40
DA:133,0
DA:136,1
DA:137,1
DA:138,1
DA:139,1
DA:140,1
DA:144,1
DA:145,1
DA:146,1
DA:147,20
DA:148,20
DA:154,1
DA:155,1
DA:156,1
DA:157,1
DA:158,1
DA:162,1
DA:163,1
DA:164,1
DA:165,20
DA:166,20
DA:167,20
DA:168,20
LF:93
LH:91
BRDA:102,0,0,20
BRDA:102,0,1,89
BRDA:129,1,0,40
BRDA:129,1,1,87
BRF:4
BRH:4
end_of_record
